<?xml version="1.0" encoding="UTF-8"?>
<!-- Generated by org.testng.reporters.JUnitXMLReporter -->
<testsuite ignored="0" hostname="LAPTOP-D5NB554D" failures="1" tests="1" name="chrometest" time="30.159" errors="0" timestamp="2022-05-16T23:30:26 IST">
  <testcase classname="Testclass.TC_02" name="Signin" time="0.008">
    <failure type="java.lang.NullPointerException" message="Cannot invoke &amp;quot;org.login.POM.Login.sendusername()&amp;quot; because &amp;quot;this.log&amp;quot; is null">
      <![CDATA[java.lang.NullPointerException: Cannot invoke "org.login.POM.Login.sendusername()" because "this.log" is null
at Testclass.TC_02.Signin(TC_02.java:31)
at java.base/java.util.ArrayList.forEach(ArrayList.java:1511)
... Removed 27 stack frames]]>
    </failure>
  </testcase> <!-- Signin -->
</testsuite> <!-- chrometest -->
