<?xml version="1.0" encoding="UTF-8"?>
<!-- Generated by org.testng.reporters.JUnitXMLReporter -->
<testsuite ignored="0" hostname="LAPTOP-D5NB554D" failures="0" tests="1" name="firefox" time="0.043" errors="0" timestamp="2022-05-16T23:30:26 IST">
  <testcase classname="Testclass.TC_02" name="@BeforeTest Bro" time="0.021">
    <failure type="java.lang.IllegalStateException" message="The path to the driver executable The path to the driver executable must be set by the webdriver.gecko.driver system property; for more information, see https://github.com/mozilla/geckodriver. The latest version can be downloaded from https://github.com/mozilla/geckodriver/releases">
      <![CDATA[java.lang.IllegalStateException: The path to the driver executable The path to the driver executable must be set by the webdriver.gecko.driver system property; for more information, see https://github.com/mozilla/geckodriver. The latest version can be downloaded from https://github.com/mozilla/geckodriver/releases
at org.openqa.selenium.internal.Require$StateChecker.nonNull(Require.java:311)
at org.openqa.selenium.remote.service.DriverService.findExecutable(DriverService.java:135)
at org.openqa.selenium.firefox.GeckoDriverService.access$100(GeckoDriverService.java:45)
at org.openqa.selenium.firefox.GeckoDriverService$Builder.findDefaultExecutable(GeckoDriverService.java:181)
at org.openqa.selenium.remote.service.DriverService$Builder.build(DriverService.java:437)
at org.openqa.selenium.firefox.GeckoDriverService.createDefaultService(GeckoDriverService.java:94)
at org.openqa.selenium.firefox.FirefoxDriver.<init>(FirefoxDriver.java:106)
at org.openqa.selenium.firefox.FirefoxDriver.<init>(FirefoxDriver.java:86)
at Testclass.BaseClass.Start2(BaseClass.java:25)
at Testclass.TC_02.Bro(TC_02.java:18)
... Removed 24 stack frames]]>
    </failure>
  </testcase> <!-- @BeforeTest Bro -->
  <testcase classname="Testclass.TC_02" name="@BeforeClass object" time="0.0">
    <skipped/>
  </testcase> <!-- @BeforeClass object -->
  <testcase classname="Testclass.TC_02" name="Signin" time="0.0">
    <skipped/>
  </testcase> <!-- Signin -->
</testsuite> <!-- firefox -->
