<?xml version="1.0" encoding="UTF-8"?>
<!-- Generated by org.testng.reporters.JUnitXMLReporter -->
<testsuite ignored="0" hostname="LAPTOP-D5NB554D" failures="1" tests="1" name="Test" time="26.546" errors="0" timestamp="2022-05-17T03:39:42 IST">
  <testcase classname="Testclass.TC_03" name="ac" time="0.015">
    <failure type="java.lang.NullPointerException" message="Cannot invoke &amp;quot;org.login.POM.Login.acc()&amp;quot; because &amp;quot;this.log&amp;quot; is null">
      <![CDATA[java.lang.NullPointerException: Cannot invoke "org.login.POM.Login.acc()" because "this.log" is null
at Testclass.TC_03.ac(TC_03.java:30)
at java.base/java.util.ArrayList.forEach(ArrayList.java:1511)
... Removed 27 stack frames]]>
    </failure>
  </testcase> <!-- ac -->
</testsuite> <!-- Test -->
